t=2025-08-22T08:14:14+0000 lvl=warn msg="failed to get home directory, using $HOME instead" err="user: Current requires cgo or $USER set in environment" $HOME=/data/data/com.termux/files/home
t=2025-08-22T08:15:35+0000 lvl=info msg="no configuration paths supplied"
t=2025-08-22T08:15:35+0000 lvl=info msg="using configuration at default config path" path=/data/data/com.termux/files/home/.ngrok2/ngrok.yml
t=2025-08-22T08:15:35+0000 lvl=info msg="open config file" path=/data/data/com.termux/files/home/.ngrok2/ngrok.yml err=nil
t=2025-08-22T08:15:35+0000 lvl=info msg="starting web service" obj=web addr=127.0.0.1:4040
t=2025-08-22T08:15:35+0000 lvl=eror msg="failed to reconnect session" obj=csess id=8c46e07a749a err="dial tcp: lookup tunnel.us.ngrok.com on [::1]:53: read udp [::1]:41978->[::1]:53: read: connection refused"
t=2025-08-22T08:15:35+0000 lvl=warn msg="failed to check for update" obj=updater err="Post \"https://update.equinox.io/check\": dial tcp: lookup update.equinox.io on [::1]:53: read udp [::1]:36847->[::1]:53: read: connection refused"
t=2025-08-22T08:15:36+0000 lvl=eror msg="failed to reconnect session" obj=csess id=8c46e07a749a err="dial tcp: lookup tunnel.us.ngrok.com on [::1]:53: read udp [::1]:48913->[::1]:53: read: connection refused"
t=2025-08-22T08:15:36+0000 lvl=eror msg="failed to reconnect session" obj=csess id=8c46e07a749a err="Get \"https://dns.google.com/resolve?cd=true&name=tunnel.us.ngrok.com&type=A\": dial tcp: lookup dns.google.com on [::1]:53: read udp [::1]:38089->[::1]:53: read: connection refused"
t=2025-08-22T08:15:37+0000 lvl=eror msg="failed to reconnect session" obj=csess id=8c46e07a749a err="Get \"https://s3.amazonaws.com/dns.ngrok.com/tunnel.json\": dial tcp: lookup s3.amazonaws.com on [::1]:53: read udp [::1]:39542->[::1]:53: read: connection refused"
t=2025-08-22T08:15:39+0000 lvl=eror msg="failed to reconnect session" obj=csess id=8c46e07a749a err="resolved tunnel.us.ngrok.com has no records"
t=2025-08-22T08:15:41+0000 lvl=eror msg="failed to reconnect session" obj=csess id=8c46e07a749a err="dial tcp: lookup tunnel.us.ngrok.com on [::1]:53: read udp [::1]:49801->[::1]:53: read: connection refused"
t=2025-08-22T08:15:44+0000 lvl=eror msg="failed to reconnect session" obj=csess id=8c46e07a749a err="Get \"https://dns.google.com/resolve?cd=true&name=tunnel.us.ngrok.com&type=AAAA\": dial tcp: lookup dns.google.com on [::1]:53: read udp [::1]:48976->[::1]:53: read: connection refused"
t=2025-08-22T08:15:49+0000 lvl=eror msg="failed to reconnect session" obj=csess id=8c46e07a749a err="Get \"https://s3.amazonaws.com/dns.ngrok.com/tunnel.json\": dial tcp: lookup s3.amazonaws.com on [::1]:53: read udp [::1]:37695->[::1]:53: read: connection refused"
t=2025-08-22T08:15:55+0000 lvl=eror msg="failed to reconnect session" obj=csess id=8c46e07a749a err="resolved tunnel.us.ngrok.com has no records"
t=2025-08-22T08:16:04+0000 lvl=eror msg="failed to reconnect session" obj=csess id=8c46e07a749a err="dial tcp: lookup tunnel.us.ngrok.com on [::1]:53: read udp [::1]:58055->[::1]:53: read: connection refused"
t=2025-08-22T08:16:15+0000 lvl=eror msg="failed to reconnect session" obj=csess id=8c46e07a749a err="dial tcp: lookup tunnel.us.ngrok.com on [::1]:53: read udp [::1]:41465->[::1]:53: read: connection refused"
t=2025-08-22T08:16:30+0000 lvl=eror msg="failed to reconnect session" obj=csess id=8c46e07a749a err="dial tcp: lookup tunnel.us.ngrok.com on [::1]:53: read udp [::1]:52911->[::1]:53: read: connection refused"
t=2025-08-22T08:16:34+0000 lvl=info msg="received stop request" obj=app stopReq="{err:<nil> restart:false}"
t=2025-08-22T08:16:34+0000 lvl=info msg="session closing" obj=tunnels.session err=nil
t=2025-08-22T08:18:12+0000 lvl=info msg="no configuration paths supplied"
t=2025-08-22T08:18:12+0000 lvl=info msg="using configuration at default config path" path=/data/data/com.termux/files/home/.ngrok2/ngrok.yml
t=2025-08-22T08:18:12+0000 lvl=info msg="open config file" path=/data/data/com.termux/files/home/.ngrok2/ngrok.yml err=nil
t=2025-08-22T08:18:12+0000 lvl=info msg="starting web service" obj=web addr=127.0.0.1:4040
t=2025-08-22T08:18:12+0000 lvl=eror msg="failed to reconnect session" obj=csess id=97fcff09649c err="dial tcp: lookup tunnel.us.ngrok.com on [::1]:53: read udp [::1]:59156->[::1]:53: read: connection refused"
t=2025-08-22T08:18:12+0000 lvl=warn msg="failed to check for update" obj=updater err="Post \"https://update.equinox.io/check\": dial tcp: lookup update.equinox.io on [::1]:53: read udp [::1]:59140->[::1]:53: read: connection refused"
t=2025-08-22T08:18:12+0000 lvl=eror msg="failed to reconnect session" obj=csess id=97fcff09649c err="dial tcp: lookup tunnel.us.ngrok.com on [::1]:53: read udp [::1]:40891->[::1]:53: read: connection refused"
t=2025-08-22T08:18:13+0000 lvl=eror msg="failed to reconnect session" obj=csess id=97fcff09649c err="Get \"https://dns.google.com/resolve?cd=true&name=tunnel.us.ngrok.com&type=A\": dial tcp: lookup dns.google.com on [::1]:53: read udp [::1]:39256->[::1]:53: read: connection refused"
t=2025-08-22T08:18:14+0000 lvl=eror msg="failed to reconnect session" obj=csess id=97fcff09649c err="Get \"https://s3.amazonaws.com/dns.ngrok.com/tunnel.json\": dial tcp: lookup s3.amazonaws.com on [::1]:53: read udp [::1]:35134->[::1]:53: read: connection refused"
t=2025-08-22T08:18:15+0000 lvl=eror msg="failed to reconnect session" obj=csess id=97fcff09649c err="resolved tunnel.us.ngrok.com has no records"
t=2025-08-22T08:18:18+0000 lvl=eror msg="failed to reconnect session" obj=csess id=97fcff09649c err="dial tcp: lookup tunnel.us.ngrok.com on [::1]:53: read udp [::1]:39908->[::1]:53: read: connection refused"
t=2025-08-22T08:18:22+0000 lvl=eror msg="failed to reconnect session" obj=csess id=97fcff09649c err="Get \"https://dns.google.com/resolve?cd=true&name=tunnel.us.ngrok.com&type=A\": dial tcp: lookup dns.google.com on [::1]:53: read udp [::1]:56486->[::1]:53: read: connection refused"
t=2025-08-22T08:18:28+0000 lvl=eror msg="failed to reconnect session" obj=csess id=97fcff09649c err="Get \"https://s3.amazonaws.com/dns.ngrok.com/tunnel.json\": dial tcp: lookup s3.amazonaws.com on [::1]:53: read udp [::1]:39514->[::1]:53: read: connection refused"
t=2025-08-22T08:18:38+0000 lvl=eror msg="failed to reconnect session" obj=csess id=97fcff09649c err="resolved tunnel.us.ngrok.com has no records"
t=2025-08-22T08:18:55+0000 lvl=eror msg="failed to reconnect session" obj=csess id=97fcff09649c err="dial tcp: lookup tunnel.us.ngrok.com on [::1]:53: read udp [::1]:50353->[::1]:53: read: connection refused"
t=2025-08-22T08:19:20+0000 lvl=eror msg="failed to reconnect session" obj=csess id=97fcff09649c err="dial tcp: lookup tunnel.us.ngrok.com on [::1]:53: read udp [::1]:45522->[::1]:53: read: connection refused"
t=2025-08-22T08:19:50+0000 lvl=eror msg="failed to reconnect session" obj=csess id=97fcff09649c err="dial tcp: lookup tunnel.us.ngrok.com on [::1]:53: read udp [::1]:48182->[::1]:53: read: connection refused"
t=2025-08-22T08:20:20+0000 lvl=eror msg="failed to reconnect session" obj=csess id=97fcff09649c err="Get \"https://dns.google.com/resolve?cd=true&name=tunnel.us.ngrok.com&type=AAAA\": dial tcp: lookup dns.google.com on [::1]:53: read udp [::1]:48580->[::1]:53: read: connection refused"
t=2025-08-22T08:20:50+0000 lvl=eror msg="failed to reconnect session" obj=csess id=97fcff09649c err="Get \"https://s3.amazonaws.com/dns.ngrok.com/tunnel.json\": dial tcp: lookup s3.amazonaws.com on [::1]:53: read udp [::1]:56295->[::1]:53: read: connection refused"
t=2025-08-22T08:21:20+0000 lvl=eror msg="failed to reconnect session" obj=csess id=97fcff09649c err="resolved tunnel.us.ngrok.com has no records"
t=2025-08-22T08:21:50+0000 lvl=eror msg="failed to reconnect session" obj=csess id=97fcff09649c err="dial tcp: lookup tunnel.us.ngrok.com on [::1]:53: read udp [::1]:43830->[::1]:53: read: connection refused"
t=2025-08-22T08:22:20+0000 lvl=eror msg="failed to reconnect session" obj=csess id=97fcff09649c err="Get \"https://dns.google.com/resolve?cd=true&name=tunnel.us.ngrok.com&type=A\": dial tcp: lookup dns.google.com on [::1]:53: read udp [::1]:41930->[::1]:53: read: connection refused"
t=2025-08-22T08:22:50+0000 lvl=eror msg="failed to reconnect session" obj=csess id=97fcff09649c err="Get \"https://s3.amazonaws.com/dns.ngrok.com/tunnel.json\": dial tcp: lookup s3.amazonaws.com on [::1]:53: read udp [::1]:45870->[::1]:53: read: connection refused"
t=2025-08-22T08:23:20+0000 lvl=eror msg="failed to reconnect session" obj=csess id=97fcff09649c err="resolved tunnel.us.ngrok.com has no records"
t=2025-08-22T08:23:50+0000 lvl=eror msg="failed to reconnect session" obj=csess id=97fcff09649c err="dial tcp: lookup tunnel.us.ngrok.com on [::1]:53: read udp [::1]:54829->[::1]:53: read: connection refused"
t=2025-08-22T08:24:20+0000 lvl=eror msg="failed to reconnect session" obj=csess id=97fcff09649c err="dial tcp: lookup tunnel.us.ngrok.com on [::1]:53: read udp [::1]:36881->[::1]:53: read: connection refused"
t=2025-08-22T08:24:50+0000 lvl=eror msg="failed to reconnect session" obj=csess id=97fcff09649c err="dial tcp: lookup tunnel.us.ngrok.com on [::1]:53: read udp [::1]:53351->[::1]:53: read: connection refused"
t=2025-08-22T08:25:20+0000 lvl=eror msg="failed to reconnect session" obj=csess id=97fcff09649c err="Get \"https://dns.google.com/resolve?cd=true&name=tunnel.us.ngrok.com&type=A\": dial tcp: lookup dns.google.com on [::1]:53: read udp [::1]:59118->[::1]:53: read: connection refused"
t=2025-08-22T08:25:50+0000 lvl=eror msg="failed to reconnect session" obj=csess id=97fcff09649c err="Get \"https://s3.amazonaws.com/dns.ngrok.com/tunnel.json\": dial tcp: lookup s3.amazonaws.com on [::1]:53: read udp [::1]:46543->[::1]:53: read: connection refused"
t=2025-08-22T08:26:20+0000 lvl=eror msg="failed to reconnect session" obj=csess id=97fcff09649c err="resolved tunnel.us.ngrok.com has no records"
t=2025-08-22T08:26:50+0000 lvl=eror msg="failed to reconnect session" obj=csess id=97fcff09649c err="dial tcp: lookup tunnel.us.ngrok.com on [::1]:53: read udp [::1]:39508->[::1]:53: read: connection refused"
t=2025-08-22T08:27:20+0000 lvl=eror msg="failed to reconnect session" obj=csess id=97fcff09649c err="Get \"https://dns.google.com/resolve?cd=true&name=tunnel.us.ngrok.com&type=AAAA\": dial tcp: lookup dns.google.com on [::1]:53: read udp [::1]:52720->[::1]:53: read: connection refused"
t=2025-08-22T08:27:50+0000 lvl=eror msg="failed to reconnect session" obj=csess id=97fcff09649c err="Get \"https://s3.amazonaws.com/dns.ngrok.com/tunnel.json\": dial tcp: lookup s3.amazonaws.com on [::1]:53: read udp [::1]:47580->[::1]:53: read: connection refused"
t=2025-08-22T08:28:20+0000 lvl=eror msg="failed to reconnect session" obj=csess id=97fcff09649c err="resolved tunnel.us.ngrok.com has no records"
t=2025-08-22T08:28:50+0000 lvl=eror msg="failed to reconnect session" obj=csess id=97fcff09649c err="dial tcp: lookup tunnel.us.ngrok.com on [::1]:53: read udp [::1]:45555->[::1]:53: read: connection refused"
t=2025-08-22T08:29:20+0000 lvl=eror msg="failed to reconnect session" obj=csess id=97fcff09649c err="dial tcp: lookup tunnel.us.ngrok.com on [::1]:53: read udp [::1]:33815->[::1]:53: read: connection refused"
t=2025-08-22T08:29:50+0000 lvl=eror msg="failed to reconnect session" obj=csess id=97fcff09649c err="dial tcp: lookup tunnel.us.ngrok.com on [::1]:53: read udp [::1]:43229->[::1]:53: read: connection refused"
t=2025-08-22T08:30:20+0000 lvl=eror msg="failed to reconnect session" obj=csess id=97fcff09649c err="Get \"https://dns.google.com/resolve?cd=true&name=tunnel.us.ngrok.com&type=A\": dial tcp: lookup dns.google.com on [::1]:53: read udp [::1]:47368->[::1]:53: read: connection refused"
t=2025-08-22T08:30:50+0000 lvl=eror msg="failed to reconnect session" obj=csess id=97fcff09649c err="Get \"https://s3.amazonaws.com/dns.ngrok.com/tunnel.json\": dial tcp: lookup s3.amazonaws.com on [::1]:53: read udp [::1]:60909->[::1]:53: read: connection refused"
t=2025-08-22T08:31:20+0000 lvl=eror msg="failed to reconnect session" obj=csess id=97fcff09649c err="resolved tunnel.us.ngrok.com has no records"
t=2025-08-22T08:31:50+0000 lvl=eror msg="failed to reconnect session" obj=csess id=97fcff09649c err="dial tcp: lookup tunnel.us.ngrok.com on [::1]:53: read udp [::1]:38961->[::1]:53: read: connection refused"
t=2025-08-22T08:32:20+0000 lvl=eror msg="failed to reconnect session" obj=csess id=97fcff09649c err="Get \"https://dns.google.com/resolve?cd=true&name=tunnel.us.ngrok.com&type=A\": dial tcp: lookup dns.google.com on [::1]:53: read udp [::1]:40047->[::1]:53: read: connection refused"
t=2025-08-22T08:32:50+0000 lvl=eror msg="failed to reconnect session" obj=csess id=97fcff09649c err="Get \"https://s3.amazonaws.com/dns.ngrok.com/tunnel.json\": dial tcp: lookup s3.amazonaws.com on [::1]:53: read udp [::1]:58155->[::1]:53: read: connection refused"
t=2025-08-22T08:33:20+0000 lvl=eror msg="failed to reconnect session" obj=csess id=97fcff09649c err="resolved tunnel.us.ngrok.com has no records"
t=2025-08-22T08:33:50+0000 lvl=eror msg="failed to reconnect session" obj=csess id=97fcff09649c err="dial tcp: lookup tunnel.us.ngrok.com on [::1]:53: read udp [::1]:34822->[::1]:53: read: connection refused"
t=2025-08-22T08:34:20+0000 lvl=eror msg="failed to reconnect session" obj=csess id=97fcff09649c err="dial tcp: lookup tunnel.us.ngrok.com on [::1]:53: read udp [::1]:59129->[::1]:53: read: connection refused"
t=2025-08-22T08:34:50+0000 lvl=eror msg="failed to reconnect session" obj=csess id=97fcff09649c err="dial tcp: lookup tunnel.us.ngrok.com on [::1]:53: read udp [::1]:47758->[::1]:53: read: connection refused"
t=2025-08-22T08:35:20+0000 lvl=eror msg="failed to reconnect session" obj=csess id=97fcff09649c err="Get \"https://dns.google.com/resolve?cd=true&name=tunnel.us.ngrok.com&type=A\": dial tcp: lookup dns.google.com on [::1]:53: read udp [::1]:38900->[::1]:53: read: connection refused"
t=2025-08-22T08:35:50+0000 lvl=eror msg="failed to reconnect session" obj=csess id=97fcff09649c err="Get \"https://s3.amazonaws.com/dns.ngrok.com/tunnel.json\": dial tcp: lookup s3.amazonaws.com on [::1]:53: read udp [::1]:56972->[::1]:53: read: connection refused"
t=2025-08-22T08:36:20+0000 lvl=eror msg="failed to reconnect session" obj=csess id=97fcff09649c err="resolved tunnel.us.ngrok.com has no records"
t=2025-08-22T08:36:50+0000 lvl=eror msg="failed to reconnect session" obj=csess id=97fcff09649c err="dial tcp: lookup tunnel.us.ngrok.com on [::1]:53: read udp [::1]:56124->[::1]:53: read: connection refused"
t=2025-08-22T08:37:20+0000 lvl=eror msg="failed to reconnect session" obj=csess id=97fcff09649c err="Get \"https://dns.google.com/resolve?cd=true&name=tunnel.us.ngrok.com&type=A\": dial tcp: lookup dns.google.com on [::1]:53: read udp [::1]:44704->[::1]:53: read: connection refused"
t=2025-08-22T08:37:51+0000 lvl=eror msg="failed to reconnect session" obj=csess id=97fcff09649c err="Get \"https://s3.amazonaws.com/dns.ngrok.com/tunnel.json\": dial tcp: lookup s3.amazonaws.com on [::1]:53: read udp [::1]:45073->[::1]:53: read: connection refused"
t=2025-08-22T08:38:21+0000 lvl=eror msg="failed to reconnect session" obj=csess id=97fcff09649c err="resolved tunnel.us.ngrok.com has no records"
t=2025-08-22T08:38:51+0000 lvl=eror msg="failed to reconnect session" obj=csess id=97fcff09649c err="dial tcp: lookup tunnel.us.ngrok.com on [::1]:53: read udp [::1]:60705->[::1]:53: read: connection refused"
t=2025-08-22T08:39:21+0000 lvl=eror msg="failed to reconnect session" obj=csess id=97fcff09649c err="dial tcp: lookup tunnel.us.ngrok.com on [::1]:53: read udp [::1]:49847->[::1]:53: read: connection refused"
t=2025-08-22T08:40:10+0000 lvl=eror msg="failed to reconnect session" obj=csess id=97fcff09649c err="dial tcp: lookup tunnel.us.ngrok.com on [::1]:53: read udp [::1]:60552->[::1]:53: read: connection refused"
t=2025-08-22T08:41:06+0000 lvl=eror msg="failed to reconnect session" obj=csess id=97fcff09649c err="Get \"https://dns.google.com/resolve?cd=true&name=tunnel.us.ngrok.com&type=A\": dial tcp: lookup dns.google.com on [::1]:53: read udp [::1]:34836->[::1]:53: read: connection refused"
t=2025-08-22T08:42:09+0000 lvl=eror msg="failed to reconnect session" obj=csess id=97fcff09649c err="Get \"https://s3.amazonaws.com/dns.ngrok.com/tunnel.json\": dial tcp: lookup s3.amazonaws.com on [::1]:53: read udp [::1]:53517->[::1]:53: read: connection refused"
t=2025-08-22T08:42:51+0000 lvl=eror msg="failed to reconnect session" obj=csess id=97fcff09649c err="resolved tunnel.us.ngrok.com has no records"
t=2025-08-22T08:43:40+0000 lvl=eror msg="failed to reconnect session" obj=csess id=97fcff09649c err="dial tcp: lookup tunnel.us.ngrok.com on [::1]:53: read udp [::1]:37735->[::1]:53: read: connection refused"
t=2025-08-22T08:44:18+0000 lvl=eror msg="failed to reconnect session" obj=csess id=97fcff09649c err="Get \"https://dns.google.com/resolve?cd=true&name=tunnel.us.ngrok.com&type=A\": dial tcp: lookup dns.google.com on [::1]:53: read udp [::1]:35346->[::1]:53: read: connection refused"
t=2025-08-22T08:44:48+0000 lvl=eror msg="failed to reconnect session" obj=csess id=97fcff09649c err="Get \"https://s3.amazonaws.com/dns.ngrok.com/tunnel.json\": dial tcp: lookup s3.amazonaws.com on [::1]:53: read udp [::1]:55699->[::1]:53: read: connection refused"
t=2025-08-22T08:45:18+0000 lvl=eror msg="failed to reconnect session" obj=csess id=97fcff09649c err="resolved tunnel.us.ngrok.com has no records"
t=2025-08-22T08:45:48+0000 lvl=eror msg="failed to reconnect session" obj=csess id=97fcff09649c err="dial tcp: lookup tunnel.us.ngrok.com on [::1]:53: read udp [::1]:57709->[::1]:53: read: connection refused"
t=2025-08-22T08:46:18+0000 lvl=eror msg="failed to reconnect session" obj=csess id=97fcff09649c err="dial tcp: lookup tunnel.us.ngrok.com on [::1]:53: read udp [::1]:46477->[::1]:53: read: connection refused"
t=2025-08-22T08:46:48+0000 lvl=eror msg="failed to reconnect session" obj=csess id=97fcff09649c err="dial tcp: lookup tunnel.us.ngrok.com on [::1]:53: read udp [::1]:38010->[::1]:53: read: connection refused"
t=2025-08-22T08:47:18+0000 lvl=eror msg="failed to reconnect session" obj=csess id=97fcff09649c err="Get \"https://dns.google.com/resolve?cd=true&name=tunnel.us.ngrok.com&type=AAAA\": dial tcp: lookup dns.google.com on [::1]:53: read udp [::1]:35986->[::1]:53: read: connection refused"
t=2025-08-22T08:47:48+0000 lvl=eror msg="failed to reconnect session" obj=csess id=97fcff09649c err="Get \"https://s3.amazonaws.com/dns.ngrok.com/tunnel.json\": dial tcp: lookup s3.amazonaws.com on [::1]:53: read udp [::1]:56595->[::1]:53: read: connection refused"
t=2025-08-22T08:48:18+0000 lvl=eror msg="failed to reconnect session" obj=csess id=97fcff09649c err="resolved tunnel.us.ngrok.com has no records"
t=2025-08-22T08:48:48+0000 lvl=eror msg="failed to reconnect session" obj=csess id=97fcff09649c err="dial tcp: lookup tunnel.us.ngrok.com on [::1]:53: read udp [::1]:42449->[::1]:53: read: connection refused"
t=2025-08-22T08:49:18+0000 lvl=eror msg="failed to reconnect session" obj=csess id=97fcff09649c err="Get \"https://dns.google.com/resolve?cd=true&name=tunnel.us.ngrok.com&type=A\": dial tcp: lookup dns.google.com on [::1]:53: read udp [::1]:43695->[::1]:53: read: connection refused"
t=2025-08-22T08:49:49+0000 lvl=eror msg="failed to reconnect session" obj=csess id=97fcff09649c err="Get \"https://s3.amazonaws.com/dns.ngrok.com/tunnel.json\": dial tcp: lookup s3.amazonaws.com on [::1]:53: read udp [::1]:49290->[::1]:53: read: connection refused"
t=2025-08-22T08:50:19+0000 lvl=eror msg="failed to reconnect session" obj=csess id=97fcff09649c err="resolved tunnel.us.ngrok.com has no records"
t=2025-08-22T08:50:49+0000 lvl=eror msg="failed to reconnect session" obj=csess id=97fcff09649c err="dial tcp: lookup tunnel.us.ngrok.com on [::1]:53: read udp [::1]:35377->[::1]:53: read: connection refused"
t=2025-08-22T08:51:19+0000 lvl=eror msg="failed to reconnect session" obj=csess id=97fcff09649c err="dial tcp: lookup tunnel.us.ngrok.com on [::1]:53: read udp [::1]:42168->[::1]:53: read: connection refused"
t=2025-08-22T08:51:49+0000 lvl=eror msg="failed to reconnect session" obj=csess id=97fcff09649c err="dial tcp: lookup tunnel.us.ngrok.com on [::1]:53: read udp [::1]:40829->[::1]:53: read: connection refused"
t=2025-08-22T08:52:19+0000 lvl=eror msg="failed to reconnect session" obj=csess id=97fcff09649c err="Get \"https://dns.google.com/resolve?cd=true&name=tunnel.us.ngrok.com&type=A\": dial tcp: lookup dns.google.com on [::1]:53: read udp [::1]:60009->[::1]:53: read: connection refused"
t=2025-08-22T08:52:49+0000 lvl=eror msg="failed to reconnect session" obj=csess id=97fcff09649c err="Get \"https://s3.amazonaws.com/dns.ngrok.com/tunnel.json\": dial tcp: lookup s3.amazonaws.com on [::1]:53: read udp [::1]:50410->[::1]:53: read: connection refused"
t=2025-08-22T08:53:19+0000 lvl=eror msg="failed to reconnect session" obj=csess id=97fcff09649c err="resolved tunnel.us.ngrok.com has no records"
t=2025-08-22T08:53:49+0000 lvl=eror msg="failed to reconnect session" obj=csess id=97fcff09649c err="dial tcp: lookup tunnel.us.ngrok.com on [::1]:53: read udp [::1]:45660->[::1]:53: read: connection refused"
t=2025-08-22T08:54:19+0000 lvl=eror msg="failed to reconnect session" obj=csess id=97fcff09649c err="Get \"https://dns.google.com/resolve?cd=true&name=tunnel.us.ngrok.com&type=A\": dial tcp: lookup dns.google.com on [::1]:53: read udp [::1]:55744->[::1]:53: read: connection refused"
t=2025-08-22T08:54:49+0000 lvl=eror msg="failed to reconnect session" obj=csess id=97fcff09649c err="Get \"https://s3.amazonaws.com/dns.ngrok.com/tunnel.json\": dial tcp: lookup s3.amazonaws.com on [::1]:53: read udp [::1]:42657->[::1]:53: read: connection refused"
t=2025-08-22T08:55:19+0000 lvl=eror msg="failed to reconnect session" obj=csess id=97fcff09649c err="resolved tunnel.us.ngrok.com has no records"
t=2025-08-22T08:55:49+0000 lvl=eror msg="failed to reconnect session" obj=csess id=97fcff09649c err="dial tcp: lookup tunnel.us.ngrok.com on [::1]:53: read udp [::1]:43404->[::1]:53: read: connection refused"
t=2025-08-22T08:56:19+0000 lvl=eror msg="failed to reconnect session" obj=csess id=97fcff09649c err="dial tcp: lookup tunnel.us.ngrok.com on [::1]:53: read udp [::1]:47787->[::1]:53: read: connection refused"
t=2025-08-22T08:56:49+0000 lvl=eror msg="failed to reconnect session" obj=csess id=97fcff09649c err="dial tcp: lookup tunnel.us.ngrok.com on [::1]:53: read udp [::1]:59654->[::1]:53: read: connection refused"
t=2025-08-22T08:57:19+0000 lvl=eror msg="failed to reconnect session" obj=csess id=97fcff09649c err="Get \"https://dns.google.com/resolve?cd=true&name=tunnel.us.ngrok.com&type=AAAA\": dial tcp: lookup dns.google.com on [::1]:53: read udp [::1]:51292->[::1]:53: read: connection refused"
t=2025-08-22T08:57:49+0000 lvl=eror msg="failed to reconnect session" obj=csess id=97fcff09649c err="Get \"https://s3.amazonaws.com/dns.ngrok.com/tunnel.json\": dial tcp: lookup s3.amazonaws.com on [::1]:53: read udp [::1]:50882->[::1]:53: read: connection refused"
t=2025-08-22T08:58:19+0000 lvl=eror msg="failed to reconnect session" obj=csess id=97fcff09649c err="resolved tunnel.us.ngrok.com has no records"
t=2025-08-22T08:58:49+0000 lvl=eror msg="failed to reconnect session" obj=csess id=97fcff09649c err="dial tcp: lookup tunnel.us.ngrok.com on [::1]:53: read udp [::1]:34845->[::1]:53: read: connection refused"
t=2025-08-22T08:59:19+0000 lvl=eror msg="failed to reconnect session" obj=csess id=97fcff09649c err="Get \"https://dns.google.com/resolve?cd=true&name=tunnel.us.ngrok.com&type=A\": dial tcp: lookup dns.google.com on [::1]:53: read udp [::1]:44207->[::1]:53: read: connection refused"
t=2025-08-22T08:59:49+0000 lvl=eror msg="failed to reconnect session" obj=csess id=97fcff09649c err="Get \"https://s3.amazonaws.com/dns.ngrok.com/tunnel.json\": dial tcp: lookup s3.amazonaws.com on [::1]:53: read udp [::1]:37567->[::1]:53: read: connection refused"
t=2025-08-22T09:00:19+0000 lvl=eror msg="failed to reconnect session" obj=csess id=97fcff09649c err="resolved tunnel.us.ngrok.com has no records"
t=2025-08-22T09:00:49+0000 lvl=eror msg="failed to reconnect session" obj=csess id=97fcff09649c err="dial tcp: lookup tunnel.us.ngrok.com on [::1]:53: read udp [::1]:55247->[::1]:53: read: connection refused"
t=2025-08-22T09:01:19+0000 lvl=eror msg="failed to reconnect session" obj=csess id=97fcff09649c err="dial tcp: lookup tunnel.us.ngrok.com on [::1]:53: read udp [::1]:54589->[::1]:53: read: connection refused"
t=2025-08-22T09:01:49+0000 lvl=eror msg="failed to reconnect session" obj=csess id=97fcff09649c err="dial tcp: lookup tunnel.us.ngrok.com on [::1]:53: read udp [::1]:46579->[::1]:53: read: connection refused"
t=2025-08-22T09:02:19+0000 lvl=eror msg="failed to reconnect session" obj=csess id=97fcff09649c err="Get \"https://dns.google.com/resolve?cd=true&name=tunnel.us.ngrok.com&type=A\": dial tcp: lookup dns.google.com on [::1]:53: read udp [::1]:50471->[::1]:53: read: connection refused"
t=2025-08-22T09:02:49+0000 lvl=eror msg="failed to reconnect session" obj=csess id=97fcff09649c err="Get \"https://s3.amazonaws.com/dns.ngrok.com/tunnel.json\": dial tcp: lookup s3.amazonaws.com on [::1]:53: read udp [::1]:59049->[::1]:53: read: connection refused"
t=2025-08-22T09:03:19+0000 lvl=eror msg="failed to reconnect session" obj=csess id=97fcff09649c err="resolved tunnel.us.ngrok.com has no records"
t=2025-08-22T09:03:49+0000 lvl=eror msg="failed to reconnect session" obj=csess id=97fcff09649c err="dial tcp: lookup tunnel.us.ngrok.com on [::1]:53: read udp [::1]:42987->[::1]:53: read: connection refused"
t=2025-08-22T09:04:19+0000 lvl=eror msg="failed to reconnect session" obj=csess id=97fcff09649c err="Get \"https://dns.google.com/resolve?cd=true&name=tunnel.us.ngrok.com&type=A\": dial tcp: lookup dns.google.com on [::1]:53: read udp [::1]:36008->[::1]:53: read: connection refused"
t=2025-08-22T09:04:49+0000 lvl=eror msg="failed to reconnect session" obj=csess id=97fcff09649c err="Get \"https://s3.amazonaws.com/dns.ngrok.com/tunnel.json\": dial tcp: lookup s3.amazonaws.com on [::1]:53: read udp [::1]:34307->[::1]:53: read: connection refused"
t=2025-08-22T09:05:19+0000 lvl=eror msg="failed to reconnect session" obj=csess id=97fcff09649c err="resolved tunnel.us.ngrok.com has no records"
t=2025-08-22T09:05:49+0000 lvl=eror msg="failed to reconnect session" obj=csess id=97fcff09649c err="dial tcp: lookup tunnel.us.ngrok.com on [::1]:53: read udp [::1]:55011->[::1]:53: read: connection refused"
t=2025-08-22T09:06:19+0000 lvl=eror msg="failed to reconnect session" obj=csess id=97fcff09649c err="dial tcp: lookup tunnel.us.ngrok.com on [::1]:53: read udp [::1]:44812->[::1]:53: read: connection refused"
